# JRE version: OpenJDK Runtime Environment (7.0_79-b14) (build 1.7.0_79-b14)
# Java VM: OpenJDK 64-Bit Server VM (24.79-b02 mixed mode linux-amd64 compressed oops)
Heap
 PSYoungGen      total 177152K, used 35832K [0x00000000eaa80000, 0x00000000f8780000, 0x0000000100000000)
  eden space 141312K, 0% used [0x00000000eaa80000,0x00000000eaa80000,0x00000000f3480000)
  from space 35840K, 99% used [0x00000000f3480000,0x00000000f577e3a0,0x00000000f5780000)
  to   space 26112K, 0% used [0x00000000f5780000,0x00000000f5780000,0x00000000f7100000)
 ParOldGen       total 76288K, used 70323K [0x00000000c0000000, 0x00000000c4a80000, 0x00000000eaa80000)
  object space 76288K, 92% used [0x00000000c0000000,0x00000000c44ace40,0x00000000c4a80000)
 PSPermGen       total 21504K, used 6056K [0x00000000b5a00000, 0x00000000b6f00000, 0x00000000c0000000)
  object space 21504K, 28% used [0x00000000b5a00000,0x00000000b5fea040,0x00000000b6f00000)
GC Heap History (10 events):
Event: 7,189 GC heap after
Heap after GC invocations=7 (full 0):
 PSYoungGen      total 77312K, used 12284K [0x00000000eaa80000, 0x00000000f4c80000, 0x0000000100000000)
  eden space 65024K, 0% used [0x00000000eaa80000,0x00000000eaa80000,0x00000000eea00000)
  from space 12288K, 99% used [0x00000000eea00000,0x00000000ef5ff378,0x00000000ef600000)
  to   space 17920K, 0% used [0x00000000f3b00000,0x00000000f3b00000,0x00000000f4c80000)
 ParOldGen       total 41984K, used 28880K [0x00000000c0000000, 0x00000000c2900000, 0x00000000eaa80000)
  object space 41984K, 68% used [0x00000000c0000000,0x00000000c1c343b8,0x00000000c2900000)
 PSPermGen       total 21504K, used 5911K [0x00000000b5a00000, 0x00000000b6f00000, 0x00000000c0000000)
  object space 21504K, 27% used [0x00000000b5a00000,0x00000000b5fc5c80,0x00000000b6f00000)
}
Event: 8,082 GC heap before
{Heap before GC invocations=8 (full 0):
 PSYoungGen      total 77312K, used 77308K [0x00000000eaa80000, 0x00000000f4c80000, 0x0000000100000000)
  eden space 65024K, 100% used [0x00000000eaa80000,0x00000000eea00000,0x00000000eea00000)
  from space 12288K, 99% used [0x00000000eea00000,0x00000000ef5ff378,0x00000000ef600000)
  to   space 17920K, 0% used [0x00000000f3b00000,0x00000000f3b00000,0x00000000f4c80000)
 ParOldGen       total 41984K, used 28880K [0x00000000c0000000, 0x00000000c2900000, 0x00000000eaa80000)
  object space 41984K, 68% used [0x00000000c0000000,0x00000000c1c343b8,0x00000000c2900000)
 PSPermGen       total 21504K, used 5960K [0x00000000b5a00000, 0x00000000b6f00000, 0x00000000c0000000)
  object space 21504K, 27% used [0x00000000b5a00000,0x00000000b5fd2060,0x00000000b6f00000)
Event: 8,231 GC heap after
Heap after GC invocations=8 (full 0):
 PSYoungGen      total 142336K, used 17918K [0x00000000eaa80000, 0x00000000f5780000, 0x0000000100000000)
  eden space 124416K, 0% used [0x00000000eaa80000,0x00000000eaa80000,0x00000000f2400000)
  from space 17920K, 99% used [0x00000000f3b00000,0x00000000f4c7fbc8,0x00000000f4c80000)
  to   space 23552K, 0% used [0x00000000f2400000,0x00000000f2400000,0x00000000f3b00000)
 ParOldGen       total 41984K, used 35205K [0x00000000c0000000, 0x00000000c2900000, 0x00000000eaa80000)
  object space 41984K, 83% used [0x00000000c0000000,0x00000000c2261608,0x00000000c2900000)
 PSPermGen       total 21504K, used 5960K [0x00000000b5a00000, 0x00000000b6f00000, 0x00000000c0000000)
  object space 21504K, 27% used [0x00000000b5a00000,0x00000000b5fd2060,0x00000000b6f00000)
}
Event: 8,231 GC heap before
{Heap before GC invocations=9 (full 1):
 PSYoungGen      total 142336K, used 17918K [0x00000000eaa80000, 0x00000000f5780000, 0x0000000100000000)
  eden space 124416K, 0% used [0x00000000eaa80000,0x00000000eaa80000,0x00000000f2400000)
  from space 17920K, 99% used [0x00000000f3b00000,0x00000000f4c7fbc8,0x00000000f4c80000)
  to   space 23552K, 0% used [0x00000000f2400000,0x00000000f2400000,0x00000000f3b00000)
 ParOldGen       total 41984K, used 35205K [0x00000000c0000000, 0x00000000c2900000, 0x00000000eaa80000)
  object space 41984K, 83% used [0x00000000c0000000,0x00000000c2261608,0x00000000c2900000)
 PSPermGen       total 21504K, used 5960K [0x00000000b5a00000, 0x00000000b6f00000, 0x00000000c0000000)
  object space 21504K, 27% used [0x00000000b5a00000,0x00000000b5fd2060,0x00000000b6f00000)
Event: 9,287 GC heap after
Heap after GC invocations=9 (full 1):
 PSYoungGen      total 142336K, used 0K [0x00000000eaa80000, 0x00000000f5780000, 0x0000000100000000)
  eden space 124416K, 0% used [0x00000000eaa80000,0x00000000eaa80000,0x00000000f2400000)
  from space 17920K, 0% used [0x00000000f3b00000,0x00000000f3b00000,0x00000000f4c80000)
  to   space 23552K, 0% used [0x00000000f2400000,0x00000000f2400000,0x00000000f3b00000)
 ParOldGen       total 76288K, used 39672K [0x00000000c0000000, 0x00000000c4a80000, 0x00000000eaa80000)
  object space 76288K, 52% used [0x00000000c0000000,0x00000000c26be3b8,0x00000000c4a80000)
 PSPermGen       total 21504K, used 5956K [0x00000000b5a00000, 0x00000000b6f00000, 0x00000000c0000000)
  object space 21504K, 27% used [0x00000000b5a00000,0x00000000b5fd1098,0x00000000b6f00000)
}
Event: 26,126 GC heap before
{Heap before GC invocations=10 (full 1):
 PSYoungGen      total 142336K, used 124416K [0x00000000eaa80000, 0x00000000f5780000, 0x0000000100000000)
  eden space 124416K, 100% used [0x00000000eaa80000,0x00000000f2400000,0x00000000f2400000)
  from space 17920K, 0% used [0x00000000f3b00000,0x00000000f3b00000,0x00000000f4c80000)
  to   space 23552K, 0% used [0x00000000f2400000,0x00000000f2400000,0x00000000f3b00000)
 ParOldGen       total 76288K, used 39672K [0x00000000c0000000, 0x00000000c4a80000, 0x00000000eaa80000)
  object space 76288K, 52% used [0x00000000c0000000,0x00000000c26be3b8,0x00000000c4a80000)
 PSPermGen       total 21504K, used 6034K [0x00000000b5a00000, 0x00000000b6f00000, 0x00000000c0000000)
  object space 21504K, 28% used [0x00000000b5a00000,0x00000000b5fe4b20,0x00000000b6f00000)
Event: 26,858 GC heap after
Heap after GC invocations=10 (full 1):
 PSYoungGen      total 147968K, used 21037K [0x00000000eaa80000, 0x00000000f7100000, 0x0000000100000000)
  eden space 124416K, 0% used [0x00000000eaa80000,0x00000000eaa80000,0x00000000f2400000)
  from space 23552K, 89% used [0x00000000f2400000,0x00000000f388b408,0x00000000f3b00000)
  to   space 26112K, 0% used [0x00000000f5780000,0x00000000f5780000,0x00000000f7100000)
 ParOldGen       total 76288K, used 39672K [0x00000000c0000000, 0x00000000c4a80000, 0x00000000eaa80000)
  object space 76288K, 52% used [0x00000000c0000000,0x00000000c26be3b8,0x00000000c4a80000)
 PSPermGen       total 21504K, used 6034K [0x00000000b5a00000, 0x00000000b6f00000, 0x00000000c0000000)
  object space 21504K, 28% used [0x00000000b5a00000,0x00000000b5fe4b20,0x00000000b6f00000)
}
Event: 27,533 GC heap before
{Heap before GC invocations=11 (full 1):
 PSYoungGen      total 147968K, used 145453K [0x00000000eaa80000, 0x00000000f7100000, 0x0000000100000000)
  eden space 124416K, 100% used [0x00000000eaa80000,0x00000000f2400000,0x00000000f2400000)
  from space 23552K, 89% used [0x00000000f2400000,0x00000000f388b408,0x00000000f3b00000)
  to   space 26112K, 0% used [0x00000000f5780000,0x00000000f5780000,0x00000000f7100000)
 ParOldGen       total 76288K, used 39672K [0x00000000c0000000, 0x00000000c4a80000, 0x00000000eaa80000)
  object space 76288K, 52% used [0x00000000c0000000,0x00000000c26be3b8,0x00000000c4a80000)
 PSPermGen       total 21504K, used 6044K [0x00000000b5a00000, 0x00000000b6f00000, 0x00000000c0000000)
  object space 21504K, 28% used [0x00000000b5a00000,0x00000000b5fe73a8,0x00000000b6f00000)
Event: 27,622 GC heap after
Heap after GC invocations=11 (full 1):
 PSYoungGen      total 167424K, used 26085K [0x00000000eaa80000, 0x00000000f8780000, 0x0000000100000000)
  eden space 141312K, 0% used [0x00000000eaa80000,0x00000000eaa80000,0x00000000f3480000)
  from space 26112K, 99% used [0x00000000f5780000,0x00000000f70f9790,0x00000000f7100000)
  to   space 35840K, 0% used [0x00000000f3480000,0x00000000f3480000,0x00000000f5780000)
 ParOldGen       total 76288K, used 55422K [0x00000000c0000000, 0x00000000c4a80000, 0x00000000eaa80000)
  object space 76288K, 72% used [0x00000000c0000000,0x00000000c361f988,0x00000000c4a80000)
 PSPermGen       total 21504K, used 6044K [0x00000000b5a00000, 0x00000000b6f00000, 0x00000000c0000000)
  object space 21504K, 28% used [0x00000000b5a00000,0x00000000b5fe73a8,0x00000000b6f00000)
}
Event: 28,166 GC heap before
{Heap before GC invocations=12 (full 1):
 PSYoungGen      total 167424K, used 167397K [0x00000000eaa80000, 0x00000000f8780000, 0x0000000100000000)
  eden space 141312K, 100% used [0x00000000eaa80000,0x00000000f3480000,0x00000000f3480000)
  from space 26112K, 99% used [0x00000000f5780000,0x00000000f70f9790,0x00000000f7100000)
  to   space 35840K, 0% used [0x00000000f3480000,0x00000000f3480000,0x00000000f5780000)
 ParOldGen       total 76288K, used 55422K [0x00000000c0000000, 0x00000000c4a80000, 0x00000000eaa80000)
  object space 76288K, 72% used [0x00000000c0000000,0x00000000c361f988,0x00000000c4a80000)
 PSPermGen       total 21504K, used 6056K [0x00000000b5a00000, 0x00000000b6f00000, 0x00000000c0000000)
  object space 21504K, 28% used [0x00000000b5a00000,0x00000000b5fea040,0x00000000b6f00000)

