# JRE version: OpenJDK Runtime Environment (7.0_79-b14) (build 1.7.0_79-b14)
# Java VM: OpenJDK 64-Bit Server VM (24.79-b02 mixed mode linux-amd64 compressed oops)
Heap
 PSYoungGen      total 150528K, used 26085K [0x00000000eaa80000, 0x00000000f7580000, 0x0000000100000000)
  eden space 124416K, 0% used [0x00000000eaa80000,0x00000000eaa80000,0x00000000f2400000)
  from space 26112K, 99% used [0x00000000f5c00000,0x00000000f7579790,0x00000000f7580000)
  to   space 23040K, 0% used [0x00000000f2400000,0x00000000f2400000,0x00000000f3a80000)
 ParOldGen       total 75776K, used 55575K [0x00000000c0000000, 0x00000000c4a00000, 0x00000000eaa80000)
  object space 75776K, 73% used [0x00000000c0000000,0x00000000c3645ee8,0x00000000c4a00000)
 PSPermGen       total 21504K, used 6045K [0x00000000b5a00000, 0x00000000b6f00000, 0x00000000c0000000)
  object space 21504K, 28% used [0x00000000b5a00000,0x00000000b5fe7648,0x00000000b6f00000)
GC Heap History (10 events):
Event: 6,291 GC heap after
Heap after GC invocations=6 (full 0):
 PSYoungGen      total 76800K, used 8943K [0x00000000eaa80000, 0x00000000f0280000, 0x0000000100000000)
  eden space 65024K, 0% used [0x00000000eaa80000,0x00000000eaa80000,0x00000000eea00000)
  from space 11776K, 75% used [0x00000000ef600000,0x00000000efebbf90,0x00000000f0180000)
  to   space 12288K, 0% used [0x00000000eea00000,0x00000000eea00000,0x00000000ef600000)
 ParOldGen       total 41984K, used 21660K [0x00000000c0000000, 0x00000000c2900000, 0x00000000eaa80000)
  object space 41984K, 51% used [0x00000000c0000000,0x00000000c1527308,0x00000000c2900000)
 PSPermGen       total 21504K, used 5850K [0x00000000b5a00000, 0x00000000b6f00000, 0x00000000c0000000)
  object space 21504K, 27% used [0x00000000b5a00000,0x00000000b5fb6890,0x00000000b6f00000)
}
Event: 7,594 GC heap before
{Heap before GC invocations=7 (full 0):
 PSYoungGen      total 76800K, used 73967K [0x00000000eaa80000, 0x00000000f0280000, 0x0000000100000000)
  eden space 65024K, 100% used [0x00000000eaa80000,0x00000000eea00000,0x00000000eea00000)
  from space 11776K, 75% used [0x00000000ef600000,0x00000000efebbf90,0x00000000f0180000)
  to   space 12288K, 0% used [0x00000000eea00000,0x00000000eea00000,0x00000000ef600000)
 ParOldGen       total 41984K, used 21660K [0x00000000c0000000, 0x00000000c2900000, 0x00000000eaa80000)
  object space 41984K, 51% used [0x00000000c0000000,0x00000000c1527308,0x00000000c2900000)
 PSPermGen       total 21504K, used 5910K [0x00000000b5a00000, 0x00000000b6f00000, 0x00000000c0000000)
  object space 21504K, 27% used [0x00000000b5a00000,0x00000000b5fc58a0,0x00000000b6f00000)
Event: 7,694 GC heap after
Heap after GC invocations=7 (full 0):
 PSYoungGen      total 77312K, used 12269K [0x00000000eaa80000, 0x00000000f4b80000, 0x0000000100000000)
  eden space 65024K, 0% used [0x00000000eaa80000,0x00000000eaa80000,0x00000000eea00000)
  from space 12288K, 99% used [0x00000000eea00000,0x00000000ef5fb6e0,0x00000000ef600000)
  to   space 17408K, 0% used [0x00000000f3a80000,0x00000000f3a80000,0x00000000f4b80000)
 ParOldGen       total 41984K, used 28686K [0x00000000c0000000, 0x00000000c2900000, 0x00000000eaa80000)
  object space 41984K, 68% used [0x00000000c0000000,0x00000000c1c03a60,0x00000000c2900000)
 PSPermGen       total 21504K, used 5910K [0x00000000b5a00000, 0x00000000b6f00000, 0x00000000c0000000)
  object space 21504K, 27% used [0x00000000b5a00000,0x00000000b5fc58a0,0x00000000b6f00000)
}
Event: 8,824 GC heap before
{Heap before GC invocations=8 (full 0):
 PSYoungGen      total 77312K, used 77293K [0x00000000eaa80000, 0x00000000f4b80000, 0x0000000100000000)
  eden space 65024K, 100% used [0x00000000eaa80000,0x00000000eea00000,0x00000000eea00000)
  from space 12288K, 99% used [0x00000000eea00000,0x00000000ef5fb6e0,0x00000000ef600000)
  to   space 17408K, 0% used [0x00000000f3a80000,0x00000000f3a80000,0x00000000f4b80000)
 ParOldGen       total 41984K, used 28686K [0x00000000c0000000, 0x00000000c2900000, 0x00000000eaa80000)
  object space 41984K, 68% used [0x00000000c0000000,0x00000000c1c03a60,0x00000000c2900000)
 PSPermGen       total 21504K, used 5957K [0x00000000b5a00000, 0x00000000b6f00000, 0x00000000c0000000)
  object space 21504K, 27% used [0x00000000b5a00000,0x00000000b5fd17a0,0x00000000b6f00000)
Event: 8,968 GC heap after
Heap after GC invocations=8 (full 0):
 PSYoungGen      total 141824K, used 17404K [0x00000000eaa80000, 0x00000000f5680000, 0x0000000100000000)
  eden space 124416K, 0% used [0x00000000eaa80000,0x00000000eaa80000,0x00000000f2400000)
  from space 17408K, 99% used [0x00000000f3a80000,0x00000000f4b7f398,0x00000000f4b80000)
  to   space 23040K, 0% used [0x00000000f2400000,0x00000000f2400000,0x00000000f3a80000)
 ParOldGen       total 41984K, used 35565K [0x00000000c0000000, 0x00000000c2900000, 0x00000000eaa80000)
  object space 41984K, 84% used [0x00000000c0000000,0x00000000c22bb7e0,0x00000000c2900000)
 PSPermGen       total 21504K, used 5957K [0x00000000b5a00000, 0x00000000b6f00000, 0x00000000c0000000)
  object space 21504K, 27% used [0x00000000b5a00000,0x00000000b5fd17a0,0x00000000b6f00000)
}
Event: 8,969 GC heap before
{Heap before GC invocations=9 (full 1):
 PSYoungGen      total 141824K, used 17404K [0x00000000eaa80000, 0x00000000f5680000, 0x0000000100000000)
  eden space 124416K, 0% used [0x00000000eaa80000,0x00000000eaa80000,0x00000000f2400000)
  from space 17408K, 99% used [0x00000000f3a80000,0x00000000f4b7f398,0x00000000f4b80000)
  to   space 23040K, 0% used [0x00000000f2400000,0x00000000f2400000,0x00000000f3a80000)
 ParOldGen       total 41984K, used 35565K [0x00000000c0000000, 0x00000000c2900000, 0x00000000eaa80000)
  object space 41984K, 84% used [0x00000000c0000000,0x00000000c22bb7e0,0x00000000c2900000)
 PSPermGen       total 21504K, used 5957K [0x00000000b5a00000, 0x00000000b6f00000, 0x00000000c0000000)
  object space 21504K, 27% used [0x00000000b5a00000,0x00000000b5fd17a0,0x00000000b6f00000)
Event: 9,839 GC heap after
Heap after GC invocations=9 (full 1):
 PSYoungGen      total 141824K, used 0K [0x00000000eaa80000, 0x00000000f5680000, 0x0000000100000000)
  eden space 124416K, 0% used [0x00000000eaa80000,0x00000000eaa80000,0x00000000f2400000)
  from space 17408K, 0% used [0x00000000f3a80000,0x00000000f3a80000,0x00000000f4b80000)
  to   space 23040K, 0% used [0x00000000f2400000,0x00000000f2400000,0x00000000f3a80000)
 ParOldGen       total 75776K, used 39829K [0x00000000c0000000, 0x00000000c4a00000, 0x00000000eaa80000)
  object space 75776K, 52% used [0x00000000c0000000,0x00000000c26e5560,0x00000000c4a00000)
 PSPermGen       total 21504K, used 5953K [0x00000000b5a00000, 0x00000000b6f00000, 0x00000000c0000000)
  object space 21504K, 27% used [0x00000000b5a00000,0x00000000b5fd07b8,0x00000000b6f00000)
}
Event: 11,408 GC heap before
{Heap before GC invocations=10 (full 1):
 PSYoungGen      total 141824K, used 124416K [0x00000000eaa80000, 0x00000000f5680000, 0x0000000100000000)
  eden space 124416K, 100% used [0x00000000eaa80000,0x00000000f2400000,0x00000000f2400000)
  from space 17408K, 0% used [0x00000000f3a80000,0x00000000f3a80000,0x00000000f4b80000)
  to   space 23040K, 0% used [0x00000000f2400000,0x00000000f2400000,0x00000000f3a80000)
 ParOldGen       total 75776K, used 39829K [0x00000000c0000000, 0x00000000c4a00000, 0x00000000eaa80000)
  object space 75776K, 52% used [0x00000000c0000000,0x00000000c26e5560,0x00000000c4a00000)
 PSPermGen       total 21504K, used 6035K [0x00000000b5a00000, 0x00000000b6f00000, 0x00000000c0000000)
  object space 21504K, 28% used [0x00000000b5a00000,0x00000000b5fe4f00,0x00000000b6f00000)
Event: 11,545 GC heap after
Heap after GC invocations=10 (full 1):
 PSYoungGen      total 147456K, used 21084K [0x00000000eaa80000, 0x00000000f7580000, 0x0000000100000000)
  eden space 124416K, 0% used [0x00000000eaa80000,0x00000000eaa80000,0x00000000f2400000)
  from space 23040K, 91% used [0x00000000f2400000,0x00000000f38971b8,0x00000000f3a80000)
  to   space 26112K, 0% used [0x00000000f5c00000,0x00000000f5c00000,0x00000000f7580000)
 ParOldGen       total 75776K, used 39829K [0x00000000c0000000, 0x00000000c4a00000, 0x00000000eaa80000)
  object space 75776K, 52% used [0x00000000c0000000,0x00000000c26e5560,0x00000000c4a00000)
 PSPermGen       total 21504K, used 6035K [0x00000000b5a00000, 0x00000000b6f00000, 0x00000000c0000000)
  object space 21504K, 28% used [0x00000000b5a00000,0x00000000b5fe4f00,0x00000000b6f00000)
}
Event: 13,557 GC heap before
{Heap before GC invocations=11 (full 1):
 PSYoungGen      total 147456K, used 145500K [0x00000000eaa80000, 0x00000000f7580000, 0x0000000100000000)
  eden space 124416K, 100% used [0x00000000eaa80000,0x00000000f2400000,0x00000000f2400000)
  from space 23040K, 91% used [0x00000000f2400000,0x00000000f38971b8,0x00000000f3a80000)
  to   space 26112K, 0% used [0x00000000f5c00000,0x00000000f5c00000,0x00000000f7580000)
 ParOldGen       total 75776K, used 39829K [0x00000000c0000000, 0x00000000c4a00000, 0x00000000eaa80000)
  object space 75776K, 52% used [0x00000000c0000000,0x00000000c26e5560,0x00000000c4a00000)
 PSPermGen       total 21504K, used 6045K [0x00000000b5a00000, 0x00000000b6f00000, 0x00000000c0000000)
  object space 21504K, 28% used [0x00000000b5a00000,0x00000000b5fe7648,0x00000000b6f00000)

